0 info it worked if it ends with ok
1 verbose cli [ '/usr/local/bin/node', '/usr/local/bin/npm', 'start' ]
2 info using npm@3.10.10
3 info using node@v6.11.0
4 verbose run-script [ 'prestart', 'start', 'poststart' ]
5 info lifecycle cardsforhumanity@1.0.0~prestart: cardsforhumanity@1.0.0
6 silly lifecycle cardsforhumanity@1.0.0~prestart: no script for prestart, continuing
7 info lifecycle cardsforhumanity@1.0.0~start: cardsforhumanity@1.0.0
8 verbose lifecycle cardsforhumanity@1.0.0~start: unsafe-perm in lifecycle true
<<<<<<< HEAD
<<<<<<< HEAD
9 verbose lifecycle cardsforhumanity@1.0.0~start: PATH: /usr/local/lib/node_modules/npm/bin/node-gyp-bin:/Users/andeladeveloper/Desktop/fengshui1/fengshui-cfh/node_modules/.bin:/usr/local/bin:/usr/bin:/bin:/usr/sbin:/sbin
10 verbose lifecycle cardsforhumanity@1.0.0~start: CWD: /Users/andeladeveloper/Desktop/fengshui1/fengshui-cfh
11 silly lifecycle cardsforhumanity@1.0.0~start: Args: [ '-c', 'node node_modules/gulp/bin/gulp' ]
12 silly lifecycle cardsforhumanity@1.0.0~start: Returned: code: 1  signal: null
13 info lifecycle cardsforhumanity@1.0.0~start: Failed to exec start script
14 verbose stack Error: cardsforhumanity@1.0.0 start: `node node_modules/gulp/bin/gulp`
=======
=======
>>>>>>> ab2210e73908e268c1e287e3d36941daca9317e2
9 verbose lifecycle cardsforhumanity@1.0.0~start: PATH: /usr/local/lib/node_modules/npm/bin/node-gyp-bin:/Users/andeladeveloper/Desktop/tiredAgain/fengshui-cfh/node_modules/.bin:/usr/local/bin:/usr/bin:/bin:/usr/sbin:/sbin
10 verbose lifecycle cardsforhumanity@1.0.0~start: CWD: /Users/andeladeveloper/Desktop/tiredAgain/fengshui-cfh
11 silly lifecycle cardsforhumanity@1.0.0~start: Args: [ '-c',
11 silly lifecycle   'node node_modules/gulp/bin/gulp && nodemon --exec babel-node ./dist/server.js' ]
12 silly lifecycle cardsforhumanity@1.0.0~start: Returned: code: 1  signal: null
13 info lifecycle cardsforhumanity@1.0.0~start: Failed to exec start script
14 verbose stack Error: cardsforhumanity@1.0.0 start: `node node_modules/gulp/bin/gulp && nodemon --exec babel-node ./dist/server.js`
<<<<<<< HEAD
>>>>>>> 935b371c2402837a52e024a65dcb965c48752b03
=======
>>>>>>> ab2210e73908e268c1e287e3d36941daca9317e2
14 verbose stack Exit status 1
14 verbose stack     at EventEmitter.<anonymous> (/usr/local/lib/node_modules/npm/lib/utils/lifecycle.js:255:16)
14 verbose stack     at emitTwo (events.js:106:13)
14 verbose stack     at EventEmitter.emit (events.js:191:7)
14 verbose stack     at ChildProcess.<anonymous> (/usr/local/lib/node_modules/npm/lib/utils/spawn.js:40:14)
14 verbose stack     at emitTwo (events.js:106:13)
14 verbose stack     at ChildProcess.emit (events.js:191:7)
14 verbose stack     at maybeClose (internal/child_process.js:891:16)
14 verbose stack     at Process.ChildProcess._handle.onexit (internal/child_process.js:226:5)
15 verbose pkgid cardsforhumanity@1.0.0
<<<<<<< HEAD
<<<<<<< HEAD
16 verbose cwd /Users/andeladeveloper/Desktop/fengshui1/fengshui-cfh
=======
16 verbose cwd /Users/andeladeveloper/Desktop/tiredAgain/fengshui-cfh
>>>>>>> 935b371c2402837a52e024a65dcb965c48752b03
=======
16 verbose cwd /Users/andeladeveloper/Desktop/tiredAgain/fengshui-cfh
>>>>>>> ab2210e73908e268c1e287e3d36941daca9317e2
17 error Darwin 16.6.0
18 error argv "/usr/local/bin/node" "/usr/local/bin/npm" "start"
19 error node v6.11.0
20 error npm  v3.10.10
21 error code ELIFECYCLE
<<<<<<< HEAD
<<<<<<< HEAD
22 error cardsforhumanity@1.0.0 start: `node node_modules/gulp/bin/gulp`
22 error Exit status 1
23 error Failed at the cardsforhumanity@1.0.0 start script 'node node_modules/gulp/bin/gulp'.
=======
22 error cardsforhumanity@1.0.0 start: `node node_modules/gulp/bin/gulp && nodemon --exec babel-node ./dist/server.js`
22 error Exit status 1
23 error Failed at the cardsforhumanity@1.0.0 start script 'node node_modules/gulp/bin/gulp && nodemon --exec babel-node ./dist/server.js'.
>>>>>>> 935b371c2402837a52e024a65dcb965c48752b03
=======
22 error cardsforhumanity@1.0.0 start: `node node_modules/gulp/bin/gulp && nodemon --exec babel-node ./dist/server.js`
22 error Exit status 1
23 error Failed at the cardsforhumanity@1.0.0 start script 'node node_modules/gulp/bin/gulp && nodemon --exec babel-node ./dist/server.js'.
>>>>>>> ab2210e73908e268c1e287e3d36941daca9317e2
23 error Make sure you have the latest version of node.js and npm installed.
23 error If you do, this is most likely a problem with the cardsforhumanity package,
23 error not with npm itself.
23 error Tell the author that this fails on your system:
<<<<<<< HEAD
<<<<<<< HEAD
23 error     node node_modules/gulp/bin/gulp
=======
23 error     node node_modules/gulp/bin/gulp && nodemon --exec babel-node ./dist/server.js
>>>>>>> 935b371c2402837a52e024a65dcb965c48752b03
=======
23 error     node node_modules/gulp/bin/gulp && nodemon --exec babel-node ./dist/server.js
>>>>>>> ab2210e73908e268c1e287e3d36941daca9317e2
23 error You can get information on how to open an issue for this project with:
23 error     npm bugs cardsforhumanity
23 error Or if that isn't available, you can get their info via:
23 error     npm owner ls cardsforhumanity
23 error There is likely additional logging output above.
24 verbose exit [ 1, true ]
